1709114908503	geckodriver	INFO	Listening on 127.0.0.1:58094
1709114911542	mozrunner::runner	INFO	Running command: "C:\\Program Files\\Mozilla Firefox\\firefox.exe" "--marionette" "-no-remote" "-profile" "C:\\Users\\Mohajeri.K\\AppData\\Local\\Temp\\rust_mozprofilegjnerd"
console.warn: services.settings: Ignoring preference override of remote settings server
console.warn: services.settings: Allow by setting MOZ_REMOTE_SETTINGS_DEVTOOLS=1 in the environment
1709114911983	Marionette	INFO	Marionette enabled
Dynamically enable window occlusion 0
1709114912079	Marionette	INFO	Listening on port 58104
Read port: 58104
1709114912298	RemoteAgent	WARN	TLS certificate errors will be ignored for this session
JavaScript warning: https://mdp.ihio.gov.ir/extnet/extnet-all-js/ext.axd?v=4.6.0, line 403: unreachable code after return statement
console.warn: LoginRecipes: "Falling back to a synchronous message for: https://mdp.ihio.gov.ir."
console.warn: LoginRecipes: "Falling back to a synchronous message for: https://mdp.ihio.gov.ir."
console.warn: LoginRecipes: "Falling back to a synchronous message for: https://mdp.ihio.gov.ir."
console.warn: LoginRecipes: "Falling back to a synchronous message for: https://mdp.ihio.gov.ir."
console.warn: LoginRecipes: "Falling back to a synchronous message for: https://mdp.ihio.gov.ir."
console.warn: LoginRecipes: "Falling back to a synchronous message for: https://mdp.ihio.gov.ir."
console.warn: LoginRecipes: "Falling back to a synchronous message for: https://mdp.ihio.gov.ir."
console.warn: LoginRecipes: "Falling back to a synchronous message for: https://mdp.ihio.gov.ir."
console.warn: LoginRecipes: "Falling back to a synchronous message for: https://mdp.ihio.gov.ir."
console.warn: LoginRecipes: "Falling back to a synchronous message for: https://mdp.ihio.gov.ir."
console.warn: LoginRecipes: "Falling back to a synchronous message for: https://mdp.ihio.gov.ir."
console.warn: LoginRecipes: "Falling back to a synchronous message for: https://mdp.ihio.gov.ir."
console.warn: LoginRecipes: "Falling back to a synchronous message for: https://mdp.ihio.gov.ir."
console.warn: LoginRecipes: "Falling back to a synchronous message for: https://mdp.ihio.gov.ir."
console.warn: LoginRecipes: "Falling back to a synchronous message for: https://mdp.ihio.gov.ir."
console.warn: LoginRecipes: "Falling back to a synchronous message for: https://mdp.ihio.gov.ir."
console.warn: LoginRecipes: "Falling back to a synchronous message for: https://mdp.ihio.gov.ir."
console.warn: LoginRecipes: "Falling back to a synchronous message for: https://mdp.ihio.gov.ir."
console.warn: LoginRecipes: "Falling back to a synchronous message for: https://mdp.ihio.gov.ir."
console.warn: LoginRecipes: "Falling back to a synchronous message for: https://mdp.ihio.gov.ir."
console.warn: LoginRecipes: "Falling back to a synchronous message for: https://mdp.ihio.gov.ir."
console.warn: LoginRecipes: "Falling back to a synchronous message for: https://mdp.ihio.gov.ir."
console.warn: LoginRecipes: "Falling back to a synchronous message for: https://mdp.ihio.gov.ir."
console.warn: LoginRecipes: "Falling back to a synchronous message for: https://mdp.ihio.gov.ir."
console.warn: LoginRecipes: "Falling back to a synchronous message for: https://mdp.ihio.gov.ir."
console.warn: LoginRecipes: "Falling back to a synchronous message for: https://mdp.ihio.gov.ir."
console.warn: LoginRecipes: "Falling back to a synchronous message for: https://mdp.ihio.gov.ir."
console.warn: LoginRecipes: "Falling back to a synchronous message for: https://mdp.ihio.gov.ir."
console.warn: LoginRecipes: "Falling back to a synchronous message for: https://mdp.ihio.gov.ir."
1709114942051	addons.xpi	ERROR	System addon update list error SyntaxError: XMLHttpRequest.open: 'http://%(server)s/dummy-system-addons.xml' is not a valid URL.
console.warn: LoginRecipes: "Falling back to a synchronous message for: https://mdp.ihio.gov.ir."
console.warn: LoginRecipes: "Falling back to a synchronous message for: https://mdp.ihio.gov.ir."
console.warn: LoginRecipes: "Falling back to a synchronous message for: https://mdp.ihio.gov.ir."
console.warn: LoginRecipes: "Falling back to a synchronous message for: https://mdp.ihio.gov.ir."
console.warn: LoginRecipes: "Falling back to a synchronous message for: https://mdp.ihio.gov.ir."
console.warn: LoginRecipes: "Falling back to a synchronous message for: https://mdp.ihio.gov.ir."
console.warn: LoginRecipes: "Falling back to a synchronous message for: https://mdp.ihio.gov.ir."
console.warn: LoginRecipes: "Falling back to a synchronous message for: https://mdp.ihio.gov.ir."
console.warn: LoginRecipes: "Falling back to a synchronous message for: https://mdp.ihio.gov.ir."
console.warn: LoginRecipes: "Falling back to a synchronous message for: https://mdp.ihio.gov.ir."
console.warn: LoginRecipes: "Falling back to a synchronous message for: https://mdp.ihio.gov.ir."
console.warn: LoginRecipes: "Falling back to a synchronous message for: https://mdp.ihio.gov.ir."
console.warn: LoginRecipes: "Falling back to a synchronous message for: https://mdp.ihio.gov.ir."
console.warn: LoginRecipes: "Falling back to a synchronous message for: https://mdp.ihio.gov.ir."
console.warn: LoginRecipes: "Falling back to a synchronous message for: https://mdp.ihio.gov.ir."
console.warn: LoginRecipes: "Falling back to a synchronous message for: https://mdp.ihio.gov.ir."
console.warn: LoginRecipes: "Falling back to a synchronous message for: https://mdp.ihio.gov.ir."
console.warn: LoginRecipes: "Falling back to a synchronous message for: https://mdp.ihio.gov.ir."
console.warn: LoginRecipes: "Falling back to a synchronous message for: https://mdp.ihio.gov.ir."
console.warn: LoginRecipes: "Falling back to a synchronous message for: https://mdp.ihio.gov.ir."
console.warn: LoginRecipes: "Falling back to a synchronous message for: https://mdp.ihio.gov.ir."
console.warn: LoginRecipes: "Falling back to a synchronous message for: https://mdp.ihio.gov.ir."
console.warn: LoginRecipes: "Falling back to a synchronous message for: https://mdp.ihio.gov.ir."
console.warn: LoginRecipes: "Falling back to a synchronous message for: https://mdp.ihio.gov.ir."
console.warn: LoginRecipes: "Falling back to a synchronous message for: https://mdp.ihio.gov.ir."
console.warn: LoginRecipes: "Falling back to a synchronous message for: https://mdp.ihio.gov.ir."
console.warn: LoginRecipes: "Falling back to a synchronous message for: https://mdp.ihio.gov.ir."
console.warn: LoginRecipes: "Falling back to a synchronous message for: https://mdp.ihio.gov.ir."
console.warn: LoginRecipes: "Falling back to a synchronous message for: https://mdp.ihio.gov.ir."
console.warn: LoginRecipes: "Falling back to a synchronous message for: https://mdp.ihio.gov.ir."
console.warn: LoginRecipes: "Falling back to a synchronous message for: https://mdp.ihio.gov.ir."
console.warn: LoginRecipes: "Falling back to a synchronous message for: https://mdp.ihio.gov.ir."
console.warn: LoginRecipes: "Falling back to a synchronous message for: https://mdp.ihio.gov.ir."
console.warn: LoginRecipes: "Falling back to a synchronous message for: https://mdp.ihio.gov.ir."
console.warn: LoginRecipes: "Falling back to a synchronous message for: https://mdp.ihio.gov.ir."
console.warn: LoginRecipes: "Falling back to a synchronous message for: https://mdp.ihio.gov.ir."
console.warn: LoginRecipes: "Falling back to a synchronous message for: https://mdp.ihio.gov.ir."
console.warn: LoginRecipes: "Falling back to a synchronous message for: https://mdp.ihio.gov.ir."
console.warn: LoginRecipes: "Falling back to a synchronous message for: https://mdp.ihio.gov.ir."
console.warn: LoginRecipes: "Falling back to a synchronous message for: https://mdp.ihio.gov.ir."
console.warn: LoginRecipes: "Falling back to a synchronous message for: https://mdp.ihio.gov.ir."
console.warn: LoginRecipes: "Falling back to a synchronous message for: https://mdp.ihio.gov.ir."
console.warn: LoginRecipes: "Falling back to a synchronous message for: https://mdp.ihio.gov.ir."
console.warn: LoginRecipes: "Falling back to a synchronous message for: https://mdp.ihio.gov.ir."
console.warn: LoginRecipes: "Falling back to a synchronous message for: https://mdp.ihio.gov.ir."
console.warn: LoginRecipes: "Falling back to a synchronous message for: https://mdp.ihio.gov.ir."
console.warn: LoginRecipes: "Falling back to a synchronous message for: https://mdp.ihio.gov.ir."
console.warn: LoginRecipes: "Falling back to a synchronous message for: https://mdp.ihio.gov.ir."
console.warn: LoginRecipes: "Falling back to a synchronous message for: https://mdp.ihio.gov.ir."
console.warn: LoginRecipes: "Falling back to a synchronous message for: https://mdp.ihio.gov.ir."
console.warn: LoginRecipes: "Falling back to a synchronous message for: https://mdp.ihio.gov.ir."
console.warn: LoginRecipes: "Falling back to a synchronous message for: https://mdp.ihio.gov.ir."
console.warn: LoginRecipes: "Falling back to a synchronous message for: https://mdp.ihio.gov.ir."
console.warn: LoginRecipes: "Falling back to a synchronous message for: https://mdp.ihio.gov.ir."
console.warn: LoginRecipes: "Falling back to a synchronous message for: https://mdp.ihio.gov.ir."
console.warn: LoginRecipes: "Falling back to a synchronous message for: https://mdp.ihio.gov.ir."
console.warn: LoginRecipes: "Falling back to a synchronous message for: https://mdp.ihio.gov.ir."
console.warn: LoginRecipes: "Falling back to a synchronous message for: https://mdp.ihio.gov.ir."
console.warn: LoginRecipes: "Falling back to a synchronous message for: https://mdp.ihio.gov.ir."
console.warn: LoginRecipes: "Falling back to a synchronous message for: https://mdp.ihio.gov.ir."
console.warn: LoginRecipes: "Falling back to a synchronous message for: https://mdp.ihio.gov.ir."
console.warn: LoginRecipes: "Falling back to a synchronous message for: https://mdp.ihio.gov.ir."
console.warn: LoginRecipes: "Falling back to a synchronous message for: https://mdp.ihio.gov.ir."
console.warn: LoginRecipes: "Falling back to a synchronous message for: https://mdp.ihio.gov.ir."
console.warn: LoginRecipes: "Falling back to a synchronous message for: https://mdp.ihio.gov.ir."
console.warn: LoginRecipes: "Falling back to a synchronous message for: https://mdp.ihio.gov.ir."
console.warn: LoginRecipes: "Falling back to a synchronous message for: https://mdp.ihio.gov.ir."
console.warn: LoginRecipes: "Falling back to a synchronous message for: https://mdp.ihio.gov.ir."
console.warn: LoginRecipes: "Falling back to a synchronous message for: https://mdp.ihio.gov.ir."
console.warn: LoginRecipes: "Falling back to a synchronous message for: https://mdp.ihio.gov.ir."
console.warn: LoginRecipes: "Falling back to a synchronous message for: https://mdp.ihio.gov.ir."
console.warn: LoginRecipes: "Falling back to a synchronous message for: https://mdp.ihio.gov.ir."
console.warn: LoginRecipes: "Falling back to a synchronous message for: https://mdp.ihio.gov.ir."
console.warn: LoginRecipes: "Falling back to a synchronous message for: https://mdp.ihio.gov.ir."
console.warn: LoginRecipes: "Falling back to a synchronous message for: https://mdp.ihio.gov.ir."
console.warn: LoginRecipes: "Falling back to a synchronous message for: https://mdp.ihio.gov.ir."
console.warn: LoginRecipes: "Falling back to a synchronous message for: https://mdp.ihio.gov.ir."
console.warn: LoginRecipes: "Falling back to a synchronous message for: https://mdp.ihio.gov.ir."
console.warn: LoginRecipes: "Falling back to a synchronous message for: https://mdp.ihio.gov.ir."
console.warn: LoginRecipes: "Falling back to a synchronous message for: https://mdp.ihio.gov.ir."
console.warn: LoginRecipes: "Falling back to a synchronous message for: https://mdp.ihio.gov.ir."
console.warn: LoginRecipes: "Falling back to a synchronous message for: https://mdp.ihio.gov.ir."
console.warn: LoginRecipes: "Falling back to a synchronous message for: https://mdp.ihio.gov.ir."
console.warn: LoginRecipes: "Falling back to a synchronous message for: https://mdp.ihio.gov.ir."
console.warn: LoginRecipes: "Falling back to a synchronous message for: https://mdp.ihio.gov.ir."
console.warn: LoginRecipes: "Falling back to a synchronous message for: https://mdp.ihio.gov.ir."
console.warn: LoginRecipes: "Falling back to a synchronous message for: https://mdp.ihio.gov.ir."
console.warn: LoginRecipes: "Falling back to a synchronous message for: https://mdp.ihio.gov.ir."
console.warn: LoginRecipes: "Falling back to a synchronous message for: https://mdp.ihio.gov.ir."
console.warn: LoginRecipes: "Falling back to a synchronous message for: https://mdp.ihio.gov.ir."
console.warn: LoginRecipes: "Falling back to a synchronous message for: https://mdp.ihio.gov.ir."
console.warn: LoginRecipes: "Falling back to a synchronous message for: https://mdp.ihio.gov.ir."
console.warn: LoginRecipes: "Falling back to a synchronous message for: https://mdp.ihio.gov.ir."
console.warn: LoginRecipes: "Falling back to a synchronous message for: https://mdp.ihio.gov.ir."
console.warn: LoginRecipes: "Falling back to a synchronous message for: https://mdp.ihio.gov.ir."
console.warn: LoginRecipes: "Falling back to a synchronous message for: https://mdp.ihio.gov.ir."
console.warn: LoginRecipes: "Falling back to a synchronous message for: https://mdp.ihio.gov.ir."
console.warn: LoginRecipes: "Falling back to a synchronous message for: https://mdp.ihio.gov.ir."
console.warn: LoginRecipes: "Falling back to a synchronous message for: https://mdp.ihio.gov.ir."
console.warn: LoginRecipes: "Falling back to a synchronous message for: https://mdp.ihio.gov.ir."
console.warn: LoginRecipes: "Falling back to a synchronous message for: https://mdp.ihio.gov.ir."
console.warn: LoginRecipes: "Falling back to a synchronous message for: https://mdp.ihio.gov.ir."
console.warn: LoginRecipes: "Falling back to a synchronous message for: https://mdp.ihio.gov.ir."
console.warn: LoginRecipes: "Falling back to a synchronous message for: https://mdp.ihio.gov.ir."
console.warn: LoginRecipes: "Falling back to a synchronous message for: https://mdp.ihio.gov.ir."
console.warn: LoginRecipes: "Falling back to a synchronous message for: https://mdp.ihio.gov.ir."
console.warn: LoginRecipes: "Falling back to a synchronous message for: https://mdp.ihio.gov.ir."
console.warn: LoginRecipes: "Falling back to a synchronous message for: https://mdp.ihio.gov.ir."
console.warn: LoginRecipes: "Falling back to a synchronous message for: https://mdp.ihio.gov.ir."
console.warn: LoginRecipes: "Falling back to a synchronous message for: https://mdp.ihio.gov.ir."
console.warn: LoginRecipes: "Falling back to a synchronous message for: https://mdp.ihio.gov.ir."
console.warn: LoginRecipes: "Falling back to a synchronous message for: https://mdp.ihio.gov.ir."
console.warn: LoginRecipes: "Falling back to a synchronous message for: https://mdp.ihio.gov.ir."
console.warn: LoginRecipes: "Falling back to a synchronous message for: https://mdp.ihio.gov.ir."
console.warn: LoginRecipes: "Falling back to a synchronous message for: https://mdp.ihio.gov.ir."
console.warn: LoginRecipes: "Falling back to a synchronous message for: https://mdp.ihio.gov.ir."
console.warn: LoginRecipes: "Falling back to a synchronous message for: https://mdp.ihio.gov.ir."
console.warn: LoginRecipes: "Falling back to a synchronous message for: https://mdp.ihio.gov.ir."
console.warn: LoginRecipes: "Falling back to a synchronous message for: https://mdp.ihio.gov.ir."
console.warn: LoginRecipes: "Falling back to a synchronous message for: https://mdp.ihio.gov.ir."
console.warn: LoginRecipes: "Falling back to a synchronous message for: https://mdp.ihio.gov.ir."
console.warn: LoginRecipes: "Falling back to a synchronous message for: https://mdp.ihio.gov.ir."
console.warn: LoginRecipes: "Falling back to a synchronous message for: https://mdp.ihio.gov.ir."
console.warn: LoginRecipes: "Falling back to a synchronous message for: https://mdp.ihio.gov.ir."
console.warn: LoginRecipes: "Falling back to a synchronous message for: https://mdp.ihio.gov.ir."
console.warn: LoginRecipes: "Falling back to a synchronous message for: https://mdp.ihio.gov.ir."
console.warn: LoginRecipes: "Falling back to a synchronous message for: https://mdp.ihio.gov.ir."
console.warn: LoginRecipes: "Falling back to a synchronous message for: https://mdp.ihio.gov.ir."
console.warn: LoginRecipes: "Falling back to a synchronous message for: https://mdp.ihio.gov.ir."
console.warn: LoginRecipes: "Falling back to a synchronous message for: https://mdp.ihio.gov.ir."
console.warn: LoginRecipes: "Falling back to a synchronous message for: https://mdp.ihio.gov.ir."
console.warn: LoginRecipes: "Falling back to a synchronous message for: https://mdp.ihio.gov.ir."
console.warn: LoginRecipes: "Falling back to a synchronous message for: https://mdp.ihio.gov.ir."
console.warn: LoginRecipes: "Falling back to a synchronous message for: https://mdp.ihio.gov.ir."
console.warn: LoginRecipes: "Falling back to a synchronous message for: https://mdp.ihio.gov.ir."
console.warn: LoginRecipes: "Falling back to a synchronous message for: https://mdp.ihio.gov.ir."
console.warn: LoginRecipes: "Falling back to a synchronous message for: https://mdp.ihio.gov.ir."
console.warn: LoginRecipes: "Falling back to a synchronous message for: https://mdp.ihio.gov.ir."
console.warn: LoginRecipes: "Falling back to a synchronous message for: https://mdp.ihio.gov.ir."
console.warn: LoginRecipes: "Falling back to a synchronous message for: https://mdp.ihio.gov.ir."
console.warn: LoginRecipes: "Falling back to a synchronous message for: https://mdp.ihio.gov.ir."
console.warn: LoginRecipes: "Falling back to a synchronous message for: https://mdp.ihio.gov.ir."
console.warn: LoginRecipes: "Falling back to a synchronous message for: https://mdp.ihio.gov.ir."
console.warn: LoginRecipes: "Falling back to a synchronous message for: https://mdp.ihio.gov.ir."
console.warn: LoginRecipes: "Falling back to a synchronous message for: https://mdp.ihio.gov.ir."
console.warn: LoginRecipes: "Falling back to a synchronous message for: https://mdp.ihio.gov.ir."
console.warn: LoginRecipes: "Falling back to a synchronous message for: https://mdp.ihio.gov.ir."
console.warn: LoginRecipes: "Falling back to a synchronous message for: https://mdp.ihio.gov.ir."
console.warn: LoginRecipes: "Falling back to a synchronous message for: https://mdp.ihio.gov.ir."
console.warn: LoginRecipes: "Falling back to a synchronous message for: https://mdp.ihio.gov.ir."
console.warn: LoginRecipes: "Falling back to a synchronous message for: https://mdp.ihio.gov.ir."
console.warn: LoginRecipes: "Falling back to a synchronous message for: https://mdp.ihio.gov.ir."
console.warn: LoginRecipes: "Falling back to a synchronous message for: https://mdp.ihio.gov.ir."
console.warn: LoginRecipes: "Falling back to a synchronous message for: https://mdp.ihio.gov.ir."
console.warn: LoginRecipes: "Falling back to a synchronous message for: https://mdp.ihio.gov.ir."
console.warn: LoginRecipes: "Falling back to a synchronous message for: https://mdp.ihio.gov.ir."
console.warn: LoginRecipes: "Falling back to a synchronous message for: https://mdp.ihio.gov.ir."
console.warn: LoginRecipes: "Falling back to a synchronous message for: https://mdp.ihio.gov.ir."
console.warn: LoginRecipes: "Falling back to a synchronous message for: https://mdp.ihio.gov.ir."
console.warn: LoginRecipes: "Falling back to a synchronous message for: https://mdp.ihio.gov.ir."
console.warn: LoginRecipes: "Falling back to a synchronous message for: https://mdp.ihio.gov.ir."
console.warn: LoginRecipes: "Falling back to a synchronous message for: https://mdp.ihio.gov.ir."
console.warn: LoginRecipes: "Falling back to a synchronous message for: https://mdp.ihio.gov.ir."
console.warn: LoginRecipes: "Falling back to a synchronous message for: https://mdp.ihio.gov.ir."
console.warn: LoginRecipes: "Falling back to a synchronous message for: https://mdp.ihio.gov.ir."
console.warn: LoginRecipes: "Falling back to a synchronous message for: https://mdp.ihio.gov.ir."
console.warn: LoginRecipes: "Falling back to a synchronous message for: https://mdp.ihio.gov.ir."
console.warn: LoginRecipes: "Falling back to a synchronous message for: https://mdp.ihio.gov.ir."
console.warn: LoginRecipes: "Falling back to a synchronous message for: https://mdp.ihio.gov.ir."
console.warn: LoginRecipes: "Falling back to a synchronous message for: https://mdp.ihio.gov.ir."
console.warn: LoginRecipes: "Falling back to a synchronous message for: https://mdp.ihio.gov.ir."
console.warn: LoginRecipes: "Falling back to a synchronous message for: https://mdp.ihio.gov.ir."
console.warn: LoginRecipes: "Falling back to a synchronous message for: https://mdp.ihio.gov.ir."
console.warn: LoginRecipes: "Falling back to a synchronous message for: https://mdp.ihio.gov.ir."
console.warn: LoginRecipes: "Falling back to a synchronous message for: https://mdp.ihio.gov.ir."
console.warn: LoginRecipes: "Falling back to a synchronous message for: https://mdp.ihio.gov.ir."
console.warn: LoginRecipes: "Falling back to a synchronous message for: https://mdp.ihio.gov.ir."
console.warn: LoginRecipes: "Falling back to a synchronous message for: https://mdp.ihio.gov.ir."
console.warn: LoginRecipes: "Falling back to a synchronous message for: https://mdp.ihio.gov.ir."
console.warn: LoginRecipes: "Falling back to a synchronous message for: https://mdp.ihio.gov.ir."
console.warn: LoginRecipes: "Falling back to a synchronous message for: https://mdp.ihio.gov.ir."
console.warn: LoginRecipes: "Falling back to a synchronous message for: https://mdp.ihio.gov.ir."
console.warn: LoginRecipes: "Falling back to a synchronous message for: https://mdp.ihio.gov.ir."
console.warn: LoginRecipes: "Falling back to a synchronous message for: https://mdp.ihio.gov.ir."
console.warn: LoginRecipes: "Falling back to a synchronous message for: https://mdp.ihio.gov.ir."
console.warn: LoginRecipes: "Falling back to a synchronous message for: https://mdp.ihio.gov.ir."
console.warn: LoginRecipes: "Falling back to a synchronous message for: https://mdp.ihio.gov.ir."
1709115084540	Marionette	INFO	Stopped listening on port 58104
Dynamically enable window occlusion 1
JavaScript error: chrome://remote/content/marionette/cert.sys.mjs, line 47: NS_ERROR_NOT_AVAILABLE: Component returned failure code: 0x80040111 (NS_ERROR_NOT_AVAILABLE) [nsICertOverrideService.setDisableAllSecurityChecksAndLetAttackersInterceptMyData]
1709115231334	geckodriver	INFO	Listening on 127.0.0.1:58296
1709115234365	mozrunner::runner	INFO	Running command: "C:\\Program Files\\Mozilla Firefox\\firefox.exe" "--marionette" "-no-remote" "-profile" "C:\\Users\\Mohajeri.K\\AppData\\Local\\Temp\\rust_mozprofileKfwn7a"
console.warn: services.settings: Ignoring preference override of remote settings server
console.warn: services.settings: Allow by setting MOZ_REMOTE_SETTINGS_DEVTOOLS=1 in the environment
1709115234920	Marionette	INFO	Marionette enabled
Dynamically enable window occlusion 0
1709115235030	Marionette	INFO	Listening on port 58310
Read port: 58310
1709115235258	RemoteAgent	WARN	TLS certificate errors will be ignored for this session
JavaScript warning: https://mdp.ihio.gov.ir/extnet/extnet-all-js/ext.axd?v=4.6.0, line 403: unreachable code after return statement
console.warn: LoginRecipes: "Falling back to a synchronous message for: https://mdp.ihio.gov.ir."
console.warn: LoginRecipes: "Falling back to a synchronous message for: https://mdp.ihio.gov.ir."
console.warn: LoginRecipes: "Falling back to a synchronous message for: https://mdp.ihio.gov.ir."
console.warn: LoginRecipes: "Falling back to a synchronous message for: https://mdp.ihio.gov.ir."
console.warn: LoginRecipes: "Falling back to a synchronous message for: https://mdp.ihio.gov.ir."
console.warn: LoginRecipes: "Falling back to a synchronous message for: https://mdp.ihio.gov.ir."
console.warn: LoginRecipes: "Falling back to a synchronous message for: https://mdp.ihio.gov.ir."
console.warn: LoginRecipes: "Falling back to a synchronous message for: https://mdp.ihio.gov.ir."
console.warn: LoginRecipes: "Falling back to a synchronous message for: https://mdp.ihio.gov.ir."
console.warn: LoginRecipes: "Falling back to a synchronous message for: https://mdp.ihio.gov.ir."
console.warn: LoginRecipes: "Falling back to a synchronous message for: https://mdp.ihio.gov.ir."
console.warn: LoginRecipes: "Falling back to a synchronous message for: https://mdp.ihio.gov.ir."
console.warn: LoginRecipes: "Falling back to a synchronous message for: https://mdp.ihio.gov.ir."
console.warn: LoginRecipes: "Falling back to a synchronous message for: https://mdp.ihio.gov.ir."
console.warn: LoginRecipes: "Falling back to a synchronous message for: https://mdp.ihio.gov.ir."
console.warn: LoginRecipes: "Falling back to a synchronous message for: https://mdp.ihio.gov.ir."
console.warn: LoginRecipes: "Falling back to a synchronous message for: https://mdp.ihio.gov.ir."
1709115265124	addons.xpi	ERROR	System addon update list error SyntaxError: XMLHttpRequest.open: 'http://%(server)s/dummy-system-addons.xml' is not a valid URL.
console.warn: LoginRecipes: "Falling back to a synchronous message for: https://mdp.ihio.gov.ir."
console.warn: LoginRecipes: "Falling back to a synchronous message for: https://mdp.ihio.gov.ir."
console.warn: LoginRecipes: "Falling back to a synchronous message for: https://mdp.ihio.gov.ir."
console.warn: LoginRecipes: "Falling back to a synchronous message for: https://mdp.ihio.gov.ir."
console.warn: LoginRecipes: "Falling back to a synchronous message for: https://mdp.ihio.gov.ir."
console.warn: LoginRecipes: "Falling back to a synchronous message for: https://mdp.ihio.gov.ir."
console.warn: LoginRecipes: "Falling back to a synchronous message for: https://mdp.ihio.gov.ir."
JavaScript warning: https://mdp.ihio.gov.ir/extnet/extnet-all-js/ext.axd?v=4.6.0, line 403: unreachable code after return statement
console.warn: LoginRecipes: "Falling back to a synchronous message for: https://mdp.ihio.gov.ir."
console.warn: LoginRecipes: "Falling back to a synchronous message for: https://mdp.ihio.gov.ir."
console.warn: LoginRecipes: "Falling back to a synchronous message for: https://mdp.ihio.gov.ir."
console.warn: LoginRecipes: "Falling back to a synchronous message for: https://mdp.ihio.gov.ir."
console.warn: LoginRecipes: "Falling back to a synchronous message for: https://mdp.ihio.gov.ir."
console.warn: LoginRecipes: "Falling back to a synchronous message for: https://mdp.ihio.gov.ir."
console.warn: LoginRecipes: "Falling back to a synchronous message for: https://mdp.ihio.gov.ir."
console.warn: LoginRecipes: "Falling back to a synchronous message for: https://mdp.ihio.gov.ir."
console.warn: LoginRecipes: "Falling back to a synchronous message for: https://mdp.ihio.gov.ir."
console.warn: LoginRecipes: "Falling back to a synchronous message for: https://mdp.ihio.gov.ir."
console.warn: LoginRecipes: "Falling back to a synchronous message for: https://mdp.ihio.gov.ir."
console.warn: LoginRecipes: "Falling back to a synchronous message for: https://mdp.ihio.gov.ir."
console.warn: LoginRecipes: "Falling back to a synchronous message for: https://mdp.ihio.gov.ir."
console.warn: LoginRecipes: "Falling back to a synchronous message for: https://mdp.ihio.gov.ir."
JavaScript warning: https://mdp.ihio.gov.ir/extnet/extnet-all-js/ext.axd?v=4.6.0, line 403: unreachable code after return statement
console.warn: LoginRecipes: "Falling back to a synchronous message for: https://mdp.ihio.gov.ir."
console.warn: LoginRecipes: "Falling back to a synchronous message for: https://mdp.ihio.gov.ir."
console.warn: LoginRecipes: "Falling back to a synchronous message for: https://mdp.ihio.gov.ir."
console.warn: LoginRecipes: "Falling back to a synchronous message for: https://mdp.ihio.gov.ir."
console.warn: LoginRecipes: "Falling back to a synchronous message for: https://mdp.ihio.gov.ir."
console.warn: LoginRecipes: "Falling back to a synchronous message for: https://mdp.ihio.gov.ir."
console.warn: LoginRecipes: "Falling back to a synchronous message for: https://mdp.ihio.gov.ir."
console.warn: LoginRecipes: "Falling back to a synchronous message for: https://mdp.ihio.gov.ir."
console.warn: LoginRecipes: "Falling back to a synchronous message for: https://mdp.ihio.gov.ir."
console.warn: LoginRecipes: "Falling back to a synchronous message for: https://mdp.ihio.gov.ir."
console.warn: LoginRecipes: "Falling back to a synchronous message for: https://mdp.ihio.gov.ir."
console.warn: LoginRecipes: "Falling back to a synchronous message for: https://mdp.ihio.gov.ir."
JavaScript warning: https://mdp.ihio.gov.ir/extnet/extnet-all-js/ext.axd?v=4.6.0, line 403: unreachable code after return statement
console.warn: LoginRecipes: "Falling back to a synchronous message for: https://mdp.ihio.gov.ir."
console.warn: LoginRecipes: "Falling back to a synchronous message for: https://mdp.ihio.gov.ir."
console.warn: LoginRecipes: "Falling back to a synchronous message for: https://mdp.ihio.gov.ir."
console.warn: LoginRecipes: "Falling back to a synchronous message for: https://mdp.ihio.gov.ir."
console.warn: LoginRecipes: "Falling back to a synchronous message for: https://mdp.ihio.gov.ir."
console.warn: LoginRecipes: "Falling back to a synchronous message for: https://mdp.ihio.gov.ir."
console.warn: LoginRecipes: "Falling back to a synchronous message for: https://mdp.ihio.gov.ir."
console.warn: LoginRecipes: "Falling back to a synchronous message for: https://mdp.ihio.gov.ir."
console.warn: LoginRecipes: "Falling back to a synchronous message for: https://mdp.ihio.gov.ir."
console.warn: LoginRecipes: "Falling back to a synchronous message for: https://mdp.ihio.gov.ir."
console.warn: LoginRecipes: "Falling back to a synchronous message for: https://mdp.ihio.gov.ir."
console.warn: LoginRecipes: "Falling back to a synchronous message for: https://mdp.ihio.gov.ir."
JavaScript warning: https://mdp.ihio.gov.ir/extnet/extnet-all-js/ext.axd?v=4.6.0, line 403: unreachable code after return statement
console.warn: LoginRecipes: "Falling back to a synchronous message for: https://mdp.ihio.gov.ir."
console.warn: LoginRecipes: "Falling back to a synchronous message for: https://mdp.ihio.gov.ir."
console.warn: LoginRecipes: "Falling back to a synchronous message for: https://mdp.ihio.gov.ir."
console.warn: LoginRecipes: "Falling back to a synchronous message for: https://mdp.ihio.gov.ir."
console.warn: LoginRecipes: "Falling back to a synchronous message for: https://mdp.ihio.gov.ir."
console.warn: LoginRecipes: "Falling back to a synchronous message for: https://mdp.ihio.gov.ir."
console.warn: LoginRecipes: "Falling back to a synchronous message for: https://mdp.ihio.gov.ir."
console.warn: LoginRecipes: "Falling back to a synchronous message for: https://mdp.ihio.gov.ir."
console.warn: LoginRecipes: "Falling back to a synchronous message for: https://mdp.ihio.gov.ir."
console.warn: LoginRecipes: "Falling back to a synchronous message for: https://mdp.ihio.gov.ir."
console.warn: LoginRecipes: "Falling back to a synchronous message for: https://mdp.ihio.gov.ir."
console.warn: LoginRecipes: "Falling back to a synchronous message for: https://mdp.ihio.gov.ir."
console.warn: LoginRecipes: "Falling back to a synchronous message for: https://mdp.ihio.gov.ir."
console.warn: LoginRecipes: "Falling back to a synchronous message for: https://mdp.ihio.gov.ir."
console.warn: LoginRecipes: "Falling back to a synchronous message for: https://mdp.ihio.gov.ir."
console.warn: LoginRecipes: "Falling back to a synchronous message for: https://mdp.ihio.gov.ir."
console.warn: LoginRecipes: "Falling back to a synchronous message for: https://mdp.ihio.gov.ir."
console.warn: LoginRecipes: "Falling back to a synchronous message for: https://mdp.ihio.gov.ir."
console.warn: LoginRecipes: "Falling back to a synchronous message for: https://mdp.ihio.gov.ir."
console.warn: LoginRecipes: "Falling back to a synchronous message for: https://mdp.ihio.gov.ir."
console.warn: LoginRecipes: "Falling back to a synchronous message for: https://mdp.ihio.gov.ir."
console.warn: LoginRecipes: "Falling back to a synchronous message for: https://mdp.ihio.gov.ir."
console.warn: LoginRecipes: "Falling back to a synchronous message for: https://mdp.ihio.gov.ir."
console.warn: LoginRecipes: "Falling back to a synchronous message for: https://mdp.ihio.gov.ir."
console.warn: LoginRecipes: "Falling back to a synchronous message for: https://mdp.ihio.gov.ir."
console.warn: LoginRecipes: "Falling back to a synchronous message for: https://mdp.ihio.gov.ir."
console.warn: LoginRecipes: "Falling back to a synchronous message for: https://mdp.ihio.gov.ir."
console.warn: LoginRecipes: "Falling back to a synchronous message for: https://mdp.ihio.gov.ir."
console.warn: LoginRecipes: "Falling back to a synchronous message for: https://mdp.ihio.gov.ir."
console.warn: LoginRecipes: "Falling back to a synchronous message for: https://mdp.ihio.gov.ir."
console.warn: LoginRecipes: "Falling back to a synchronous message for: https://mdp.ihio.gov.ir."
console.warn: LoginRecipes: "Falling back to a synchronous message for: https://mdp.ihio.gov.ir."
console.warn: LoginRecipes: "Falling back to a synchronous message for: https://mdp.ihio.gov.ir."
console.warn: LoginRecipes: "Falling back to a synchronous message for: https://mdp.ihio.gov.ir."
console.warn: LoginRecipes: "Falling back to a synchronous message for: https://mdp.ihio.gov.ir."
console.warn: LoginRecipes: "Falling back to a synchronous message for: https://mdp.ihio.gov.ir."
console.warn: LoginRecipes: "Falling back to a synchronous message for: https://mdp.ihio.gov.ir."
console.warn: LoginRecipes: "Falling back to a synchronous message for: https://mdp.ihio.gov.ir."
console.warn: LoginRecipes: "Falling back to a synchronous message for: https://mdp.ihio.gov.ir."
console.warn: LoginRecipes: "Falling back to a synchronous message for: https://mdp.ihio.gov.ir."
console.warn: LoginRecipes: "Falling back to a synchronous message for: https://mdp.ihio.gov.ir."
console.warn: LoginRecipes: "Falling back to a synchronous message for: https://mdp.ihio.gov.ir."
console.warn: LoginRecipes: "Falling back to a synchronous message for: https://mdp.ihio.gov.ir."
console.warn: LoginRecipes: "Falling back to a synchronous message for: https://mdp.ihio.gov.ir."
console.warn: LoginRecipes: "Falling back to a synchronous message for: https://mdp.ihio.gov.ir."
console.warn: LoginRecipes: "Falling back to a synchronous message for: https://mdp.ihio.gov.ir."
console.warn: LoginRecipes: "Falling back to a synchronous message for: https://mdp.ihio.gov.ir."
console.warn: LoginRecipes: "Falling back to a synchronous message for: https://mdp.ihio.gov.ir."
console.warn: LoginRecipes: "Falling back to a synchronous message for: https://mdp.ihio.gov.ir."
console.warn: LoginRecipes: "Falling back to a synchronous message for: https://mdp.ihio.gov.ir."
console.warn: LoginRecipes: "Falling back to a synchronous message for: https://mdp.ihio.gov.ir."
console.warn: LoginRecipes: "Falling back to a synchronous message for: https://mdp.ihio.gov.ir."
console.warn: LoginRecipes: "Falling back to a synchronous message for: https://mdp.ihio.gov.ir."
console.warn: LoginRecipes: "Falling back to a synchronous message for: https://mdp.ihio.gov.ir."
console.warn: LoginRecipes: "Falling back to a synchronous message for: https://mdp.ihio.gov.ir."
console.warn: LoginRecipes: "Falling back to a synchronous message for: https://mdp.ihio.gov.ir."
console.warn: LoginRecipes: "Falling back to a synchronous message for: https://mdp.ihio.gov.ir."
console.warn: LoginRecipes: "Falling back to a synchronous message for: https://mdp.ihio.gov.ir."
console.warn: LoginRecipes: "Falling back to a synchronous message for: https://mdp.ihio.gov.ir."
console.warn: LoginRecipes: "Falling back to a synchronous message for: https://mdp.ihio.gov.ir."
console.warn: LoginRecipes: "Falling back to a synchronous message for: https://mdp.ihio.gov.ir."
console.warn: LoginRecipes: "Falling back to a synchronous message for: https://mdp.ihio.gov.ir."
console.warn: LoginRecipes: "Falling back to a synchronous message for: https://mdp.ihio.gov.ir."
console.warn: LoginRecipes: "Falling back to a synchronous message for: https://mdp.ihio.gov.ir."
console.warn: LoginRecipes: "Falling back to a synchronous message for: https://mdp.ihio.gov.ir."
console.warn: LoginRecipes: "Falling back to a synchronous message for: https://mdp.ihio.gov.ir."
console.warn: LoginRecipes: "Falling back to a synchronous message for: https://mdp.ihio.gov.ir."
console.warn: LoginRecipes: "Falling back to a synchronous message for: https://mdp.ihio.gov.ir."
console.warn: LoginRecipes: "Falling back to a synchronous message for: https://mdp.ihio.gov.ir."
console.warn: LoginRecipes: "Falling back to a synchronous message for: https://mdp.ihio.gov.ir."
console.warn: LoginRecipes: "Falling back to a synchronous message for: https://mdp.ihio.gov.ir."
console.warn: LoginRecipes: "Falling back to a synchronous message for: https://mdp.ihio.gov.ir."
console.warn: LoginRecipes: "Falling back to a synchronous message for: https://mdp.ihio.gov.ir."
console.warn: LoginRecipes: "Falling back to a synchronous message for: https://mdp.ihio.gov.ir."
console.warn: LoginRecipes: "Falling back to a synchronous message for: https://mdp.ihio.gov.ir."
console.warn: LoginRecipes: "Falling back to a synchronous message for: https://mdp.ihio.gov.ir."
console.warn: LoginRecipes: "Falling back to a synchronous message for: https://mdp.ihio.gov.ir."
console.warn: LoginRecipes: "Falling back to a synchronous message for: https://mdp.ihio.gov.ir."
console.warn: LoginRecipes: "Falling back to a synchronous message for: https://mdp.ihio.gov.ir."
console.warn: LoginRecipes: "Falling back to a synchronous message for: https://mdp.ihio.gov.ir."
console.warn: LoginRecipes: "Falling back to a synchronous message for: https://mdp.ihio.gov.ir."
console.warn: LoginRecipes: "Falling back to a synchronous message for: https://mdp.ihio.gov.ir."
console.warn: LoginRecipes: "Falling back to a synchronous message for: https://mdp.ihio.gov.ir."
console.warn: LoginRecipes: "Falling back to a synchronous message for: https://mdp.ihio.gov.ir."
console.warn: LoginRecipes: "Falling back to a synchronous message for: https://mdp.ihio.gov.ir."
console.warn: LoginRecipes: "Falling back to a synchronous message for: https://mdp.ihio.gov.ir."
console.warn: LoginRecipes: "Falling back to a synchronous message for: https://mdp.ihio.gov.ir."
console.warn: LoginRecipes: "Falling back to a synchronous message for: https://mdp.ihio.gov.ir."
console.warn: LoginRecipes: "Falling back to a synchronous message for: https://mdp.ihio.gov.ir."
console.warn: LoginRecipes: "Falling back to a synchronous message for: https://mdp.ihio.gov.ir."
console.warn: LoginRecipes: "Falling back to a synchronous message for: https://mdp.ihio.gov.ir."
console.warn: LoginRecipes: "Falling back to a synchronous message for: https://mdp.ihio.gov.ir."
console.warn: LoginRecipes: "Falling back to a synchronous message for: https://mdp.ihio.gov.ir."
console.warn: LoginRecipes: "Falling back to a synchronous message for: https://mdp.ihio.gov.ir."
console.warn: LoginRecipes: "Falling back to a synchronous message for: https://mdp.ihio.gov.ir."
console.warn: LoginRecipes: "Falling back to a synchronous message for: https://mdp.ihio.gov.ir."
console.warn: LoginRecipes: "Falling back to a synchronous message for: https://mdp.ihio.gov.ir."
console.warn: LoginRecipes: "Falling back to a synchronous message for: https://mdp.ihio.gov.ir."
console.warn: LoginRecipes: "Falling back to a synchronous message for: https://mdp.ihio.gov.ir."
console.warn: LoginRecipes: "Falling back to a synchronous message for: https://mdp.ihio.gov.ir."
console.warn: LoginRecipes: "Falling back to a synchronous message for: https://mdp.ihio.gov.ir."
console.warn: LoginRecipes: "Falling back to a synchronous message for: https://mdp.ihio.gov.ir."
console.warn: LoginRecipes: "Falling back to a synchronous message for: https://mdp.ihio.gov.ir."
console.warn: LoginRecipes: "Falling back to a synchronous message for: https://mdp.ihio.gov.ir."
console.warn: LoginRecipes: "Falling back to a synchronous message for: https://mdp.ihio.gov.ir."
console.warn: LoginRecipes: "Falling back to a synchronous message for: https://mdp.ihio.gov.ir."
console.warn: LoginRecipes: "Falling back to a synchronous message for: https://mdp.ihio.gov.ir."
console.warn: LoginRecipes: "Falling back to a synchronous message for: https://mdp.ihio.gov.ir."
console.warn: LoginRecipes: "Falling back to a synchronous message for: https://mdp.ihio.gov.ir."
console.warn: LoginRecipes: "Falling back to a synchronous message for: https://mdp.ihio.gov.ir."
console.warn: LoginRecipes: "Falling back to a synchronous message for: https://mdp.ihio.gov.ir."
console.warn: LoginRecipes: "Falling back to a synchronous message for: https://mdp.ihio.gov.ir."
console.warn: LoginRecipes: "Falling back to a synchronous message for: https://mdp.ihio.gov.ir."
console.warn: LoginRecipes: "Falling back to a synchronous message for: https://mdp.ihio.gov.ir."
console.warn: LoginRecipes: "Falling back to a synchronous message for: https://mdp.ihio.gov.ir."
console.warn: LoginRecipes: "Falling back to a synchronous message for: https://mdp.ihio.gov.ir."
console.warn: LoginRecipes: "Falling back to a synchronous message for: https://mdp.ihio.gov.ir."
console.warn: LoginRecipes: "Falling back to a synchronous message for: https://mdp.ihio.gov.ir."
console.warn: LoginRecipes: "Falling back to a synchronous message for: https://mdp.ihio.gov.ir."
console.warn: LoginRecipes: "Falling back to a synchronous message for: https://mdp.ihio.gov.ir."
console.warn: LoginRecipes: "Falling back to a synchronous message for: https://mdp.ihio.gov.ir."
console.warn: LoginRecipes: "Falling back to a synchronous message for: https://mdp.ihio.gov.ir."
console.warn: LoginRecipes: "Falling back to a synchronous message for: https://mdp.ihio.gov.ir."
console.warn: LoginRecipes: "Falling back to a synchronous message for: https://mdp.ihio.gov.ir."
console.warn: LoginRecipes: "Falling back to a synchronous message for: https://mdp.ihio.gov.ir."
console.warn: LoginRecipes: "Falling back to a synchronous message for: https://mdp.ihio.gov.ir."
console.warn: LoginRecipes: "Falling back to a synchronous message for: https://mdp.ihio.gov.ir."
console.warn: LoginRecipes: "Falling back to a synchronous message for: https://mdp.ihio.gov.ir."
console.warn: LoginRecipes: "Falling back to a synchronous message for: https://mdp.ihio.gov.ir."
console.warn: LoginRecipes: "Falling back to a synchronous message for: https://mdp.ihio.gov.ir."
console.warn: LoginRecipes: "Falling back to a synchronous message for: https://mdp.ihio.gov.ir."
console.warn: LoginRecipes: "Falling back to a synchronous message for: https://mdp.ihio.gov.ir."
console.warn: LoginRecipes: "Falling back to a synchronous message for: https://mdp.ihio.gov.ir."
console.warn: LoginRecipes: "Falling back to a synchronous message for: https://mdp.ihio.gov.ir."
console.warn: LoginRecipes: "Falling back to a synchronous message for: https://mdp.ihio.gov.ir."
console.warn: LoginRecipes: "Falling back to a synchronous message for: https://mdp.ihio.gov.ir."
console.warn: LoginRecipes: "Falling back to a synchronous message for: https://mdp.ihio.gov.ir."
console.warn: LoginRecipes: "Falling back to a synchronous message for: https://mdp.ihio.gov.ir."
console.warn: LoginRecipes: "Falling back to a synchronous message for: https://mdp.ihio.gov.ir."
console.warn: LoginRecipes: "Falling back to a synchronous message for: https://mdp.ihio.gov.ir."
console.warn: LoginRecipes: "Falling back to a synchronous message for: https://mdp.ihio.gov.ir."
console.warn: LoginRecipes: "Falling back to a synchronous message for: https://mdp.ihio.gov.ir."
console.warn: LoginRecipes: "Falling back to a synchronous message for: https://mdp.ihio.gov.ir."
console.warn: LoginRecipes: "Falling back to a synchronous message for: https://mdp.ihio.gov.ir."
console.warn: LoginRecipes: "Falling back to a synchronous message for: https://mdp.ihio.gov.ir."
console.warn: LoginRecipes: "Falling back to a synchronous message for: https://mdp.ihio.gov.ir."
console.warn: LoginRecipes: "Falling back to a synchronous message for: https://mdp.ihio.gov.ir."
console.warn: LoginRecipes: "Falling back to a synchronous message for: https://mdp.ihio.gov.ir."
console.warn: LoginRecipes: "Falling back to a synchronous message for: https://mdp.ihio.gov.ir."
console.warn: LoginRecipes: "Falling back to a synchronous message for: https://mdp.ihio.gov.ir."
console.warn: LoginRecipes: "Falling back to a synchronous message for: https://mdp.ihio.gov.ir."
console.warn: LoginRecipes: "Falling back to a synchronous message for: https://mdp.ihio.gov.ir."
console.warn: LoginRecipes: "Falling back to a synchronous message for: https://mdp.ihio.gov.ir."
console.warn: LoginRecipes: "Falling back to a synchronous message for: https://mdp.ihio.gov.ir."
console.warn: LoginRecipes: "Falling back to a synchronous message for: https://mdp.ihio.gov.ir."
console.warn: LoginRecipes: "Falling back to a synchronous message for: https://mdp.ihio.gov.ir."
console.warn: LoginRecipes: "Falling back to a synchronous message for: https://mdp.ihio.gov.ir."
console.warn: LoginRecipes: "Falling back to a synchronous message for: https://mdp.ihio.gov.ir."
console.warn: LoginRecipes: "Falling back to a synchronous message for: https://mdp.ihio.gov.ir."
console.warn: LoginRecipes: "Falling back to a synchronous message for: https://mdp.ihio.gov.ir."
console.warn: LoginRecipes: "Falling back to a synchronous message for: https://mdp.ihio.gov.ir."
console.warn: LoginRecipes: "Falling back to a synchronous message for: https://mdp.ihio.gov.ir."
console.warn: LoginRecipes: "Falling back to a synchronous message for: https://mdp.ihio.gov.ir."
console.warn: LoginRecipes: "Falling back to a synchronous message for: https://mdp.ihio.gov.ir."
console.warn: LoginRecipes: "Falling back to a synchronous message for: https://mdp.ihio.gov.ir."
console.warn: LoginRecipes: "Falling back to a synchronous message for: https://mdp.ihio.gov.ir."
console.warn: LoginRecipes: "Falling back to a synchronous message for: https://mdp.ihio.gov.ir."
console.warn: LoginRecipes: "Falling back to a synchronous message for: https://mdp.ihio.gov.ir."
console.warn: LoginRecipes: "Falling back to a synchronous message for: https://mdp.ihio.gov.ir."
console.warn: LoginRecipes: "Falling back to a synchronous message for: https://mdp.ihio.gov.ir."
console.warn: LoginRecipes: "Falling back to a synchronous message for: https://mdp.ihio.gov.ir."
console.warn: LoginRecipes: "Falling back to a synchronous message for: https://mdp.ihio.gov.ir."
console.warn: LoginRecipes: "Falling back to a synchronous message for: https://mdp.ihio.gov.ir."
console.warn: LoginRecipes: "Falling back to a synchronous message for: https://mdp.ihio.gov.ir."
console.warn: LoginRecipes: "Falling back to a synchronous message for: https://mdp.ihio.gov.ir."
console.warn: LoginRecipes: "Falling back to a synchronous message for: https://mdp.ihio.gov.ir."
console.warn: LoginRecipes: "Falling back to a synchronous message for: https://mdp.ihio.gov.ir."
console.warn: LoginRecipes: "Falling back to a synchronous message for: https://mdp.ihio.gov.ir."
console.warn: LoginRecipes: "Falling back to a synchronous message for: https://mdp.ihio.gov.ir."
console.warn: LoginRecipes: "Falling back to a synchronous message for: https://mdp.ihio.gov.ir."
console.warn: LoginRecipes: "Falling back to a synchronous message for: https://mdp.ihio.gov.ir."
console.warn: LoginRecipes: "Falling back to a synchronous message for: https://mdp.ihio.gov.ir."
console.warn: LoginRecipes: "Falling back to a synchronous message for: https://mdp.ihio.gov.ir."
console.warn: LoginRecipes: "Falling back to a synchronous message for: https://mdp.ihio.gov.ir."
console.warn: LoginRecipes: "Falling back to a synchronous message for: https://mdp.ihio.gov.ir."
console.warn: LoginRecipes: "Falling back to a synchronous message for: https://mdp.ihio.gov.ir."
console.warn: LoginRecipes: "Falling back to a synchronous message for: https://mdp.ihio.gov.ir."
console.warn: LoginRecipes: "Falling back to a synchronous message for: https://mdp.ihio.gov.ir."
console.warn: LoginRecipes: "Falling back to a synchronous message for: https://mdp.ihio.gov.ir."
console.warn: LoginRecipes: "Falling back to a synchronous message for: https://mdp.ihio.gov.ir."
console.warn: LoginRecipes: "Falling back to a synchronous message for: https://mdp.ihio.gov.ir."
console.warn: LoginRecipes: "Falling back to a synchronous message for: https://mdp.ihio.gov.ir."
console.warn: LoginRecipes: "Falling back to a synchronous message for: https://mdp.ihio.gov.ir."
console.warn: LoginRecipes: "Falling back to a synchronous message for: https://mdp.ihio.gov.ir."
console.warn: LoginRecipes: "Falling back to a synchronous message for: https://mdp.ihio.gov.ir."
console.warn: LoginRecipes: "Falling back to a synchronous message for: https://mdp.ihio.gov.ir."
console.warn: LoginRecipes: "Falling back to a synchronous message for: https://mdp.ihio.gov.ir."
console.warn: LoginRecipes: "Falling back to a synchronous message for: https://mdp.ihio.gov.ir."
console.warn: LoginRecipes: "Falling back to a synchronous message for: https://mdp.ihio.gov.ir."
console.warn: LoginRecipes: "Falling back to a synchronous message for: https://mdp.ihio.gov.ir."
console.warn: LoginRecipes: "Falling back to a synchronous message for: https://mdp.ihio.gov.ir."
console.warn: LoginRecipes: "Falling back to a synchronous message for: https://mdp.ihio.gov.ir."
console.warn: LoginRecipes: "Falling back to a synchronous message for: https://mdp.ihio.gov.ir."
console.warn: LoginRecipes: "Falling back to a synchronous message for: https://mdp.ihio.gov.ir."
console.warn: LoginRecipes: "Falling back to a synchronous message for: https://mdp.ihio.gov.ir."
console.warn: LoginRecipes: "Falling back to a synchronous message for: https://mdp.ihio.gov.ir."
console.warn: LoginRecipes: "Falling back to a synchronous message for: https://mdp.ihio.gov.ir."
console.warn: LoginRecipes: "Falling back to a synchronous message for: https://mdp.ihio.gov.ir."
console.warn: LoginRecipes: "Falling back to a synchronous message for: https://mdp.ihio.gov.ir."
console.warn: LoginRecipes: "Falling back to a synchronous message for: https://mdp.ihio.gov.ir."
console.warn: LoginRecipes: "Falling back to a synchronous message for: https://mdp.ihio.gov.ir."
console.warn: LoginRecipes: "Falling back to a synchronous message for: https://mdp.ihio.gov.ir."
console.warn: LoginRecipes: "Falling back to a synchronous message for: https://mdp.ihio.gov.ir."
console.warn: LoginRecipes: "Falling back to a synchronous message for: https://mdp.ihio.gov.ir."
console.warn: LoginRecipes: "Falling back to a synchronous message for: https://mdp.ihio.gov.ir."
console.warn: LoginRecipes: "Falling back to a synchronous message for: https://mdp.ihio.gov.ir."
console.warn: LoginRecipes: "Falling back to a synchronous message for: https://mdp.ihio.gov.ir."
console.warn: LoginRecipes: "Falling back to a synchronous message for: https://mdp.ihio.gov.ir."
console.warn: LoginRecipes: "Falling back to a synchronous message for: https://mdp.ihio.gov.ir."
console.warn: LoginRecipes: "Falling back to a synchronous message for: https://mdp.ihio.gov.ir."
console.warn: LoginRecipes: "Falling back to a synchronous message for: https://mdp.ihio.gov.ir."
console.warn: LoginRecipes: "Falling back to a synchronous message for: https://mdp.ihio.gov.ir."
console.warn: LoginRecipes: "Falling back to a synchronous message for: https://mdp.ihio.gov.ir."
console.warn: LoginRecipes: "Falling back to a synchronous message for: https://mdp.ihio.gov.ir."
console.warn: LoginRecipes: "Falling back to a synchronous message for: https://mdp.ihio.gov.ir."
console.warn: LoginRecipes: "Falling back to a synchronous message for: https://mdp.ihio.gov.ir."
console.warn: LoginRecipes: "Falling back to a synchronous message for: https://mdp.ihio.gov.ir."
console.warn: LoginRecipes: "Falling back to a synchronous message for: https://mdp.ihio.gov.ir."
console.warn: LoginRecipes: "Falling back to a synchronous message for: https://mdp.ihio.gov.ir."
console.warn: LoginRecipes: "Falling back to a synchronous message for: https://mdp.ihio.gov.ir."
console.warn: LoginRecipes: "Falling back to a synchronous message for: https://mdp.ihio.gov.ir."
console.warn: LoginRecipes: "Falling back to a synchronous message for: https://mdp.ihio.gov.ir."
console.warn: LoginRecipes: "Falling back to a synchronous message for: https://mdp.ihio.gov.ir."
console.warn: LoginRecipes: "Falling back to a synchronous message for: https://mdp.ihio.gov.ir."
console.warn: LoginRecipes: "Falling back to a synchronous message for: https://mdp.ihio.gov.ir."
console.warn: LoginRecipes: "Falling back to a synchronous message for: https://mdp.ihio.gov.ir."
console.warn: LoginRecipes: "Falling back to a synchronous message for: https://mdp.ihio.gov.ir."
console.warn: LoginRecipes: "Falling back to a synchronous message for: https://mdp.ihio.gov.ir."
console.warn: LoginRecipes: "Falling back to a synchronous message for: https://mdp.ihio.gov.ir."
console.warn: LoginRecipes: "Falling back to a synchronous message for: https://mdp.ihio.gov.ir."
console.warn: LoginRecipes: "Falling back to a synchronous message for: https://mdp.ihio.gov.ir."
console.warn: LoginRecipes: "Falling back to a synchronous message for: https://mdp.ihio.gov.ir."
console.warn: LoginRecipes: "Falling back to a synchronous message for: https://mdp.ihio.gov.ir."
console.warn: LoginRecipes: "Falling back to a synchronous message for: https://mdp.ihio.gov.ir."
console.warn: LoginRecipes: "Falling back to a synchronous message for: https://mdp.ihio.gov.ir."
console.warn: LoginRecipes: "Falling back to a synchronous message for: https://mdp.ihio.gov.ir."
console.warn: LoginRecipes: "Falling back to a synchronous message for: https://mdp.ihio.gov.ir."
console.warn: LoginRecipes: "Falling back to a synchronous message for: https://mdp.ihio.gov.ir."
console.warn: LoginRecipes: "Falling back to a synchronous message for: https://mdp.ihio.gov.ir."
console.warn: LoginRecipes: "Falling back to a synchronous message for: https://mdp.ihio.gov.ir."
console.warn: LoginRecipes: "Falling back to a synchronous message for: https://mdp.ihio.gov.ir."
console.warn: LoginRecipes: "Falling back to a synchronous message for: https://mdp.ihio.gov.ir."
console.warn: LoginRecipes: "Falling back to a synchronous message for: https://mdp.ihio.gov.ir."
console.warn: LoginRecipes: "Falling back to a synchronous message for: https://mdp.ihio.gov.ir."
console.warn: LoginRecipes: "Falling back to a synchronous message for: https://mdp.ihio.gov.ir."
console.warn: LoginRecipes: "Falling back to a synchronous message for: https://mdp.ihio.gov.ir."
console.warn: LoginRecipes: "Falling back to a synchronous message for: https://mdp.ihio.gov.ir."
console.warn: LoginRecipes: "Falling back to a synchronous message for: https://mdp.ihio.gov.ir."
console.warn: LoginRecipes: "Falling back to a synchronous message for: https://mdp.ihio.gov.ir."
console.warn: LoginRecipes: "Falling back to a synchronous message for: https://mdp.ihio.gov.ir."
console.warn: LoginRecipes: "Falling back to a synchronous message for: https://mdp.ihio.gov.ir."
console.warn: LoginRecipes: "Falling back to a synchronous message for: https://mdp.ihio.gov.ir."
console.warn: LoginRecipes: "Falling back to a synchronous message for: https://mdp.ihio.gov.ir."
console.warn: LoginRecipes: "Falling back to a synchronous message for: https://mdp.ihio.gov.ir."
console.warn: LoginRecipes: "Falling back to a synchronous message for: https://mdp.ihio.gov.ir."
console.warn: LoginRecipes: "Falling back to a synchronous message for: https://mdp.ihio.gov.ir."
console.warn: LoginRecipes: "Falling back to a synchronous message for: https://mdp.ihio.gov.ir."
console.warn: LoginRecipes: "Falling back to a synchronous message for: https://mdp.ihio.gov.ir."
console.warn: LoginRecipes: "Falling back to a synchronous message for: https://mdp.ihio.gov.ir."
console.warn: LoginRecipes: "Falling back to a synchronous message for: https://mdp.ihio.gov.ir."
console.warn: LoginRecipes: "Falling back to a synchronous message for: https://mdp.ihio.gov.ir."
console.warn: LoginRecipes: "Falling back to a synchronous message for: https://mdp.ihio.gov.ir."
console.warn: LoginRecipes: "Falling back to a synchronous message for: https://mdp.ihio.gov.ir."
console.warn: LoginRecipes: "Falling back to a synchronous message for: https://mdp.ihio.gov.ir."
console.warn: LoginRecipes: "Falling back to a synchronous message for: https://mdp.ihio.gov.ir."
console.warn: LoginRecipes: "Falling back to a synchronous message for: https://mdp.ihio.gov.ir."
console.warn: LoginRecipes: "Falling back to a synchronous message for: https://mdp.ihio.gov.ir."
console.warn: LoginRecipes: "Falling back to a synchronous message for: https://mdp.ihio.gov.ir."
console.warn: LoginRecipes: "Falling back to a synchronous message for: https://mdp.ihio.gov.ir."
console.warn: LoginRecipes: "Falling back to a synchronous message for: https://mdp.ihio.gov.ir."
console.warn: LoginRecipes: "Falling back to a synchronous message for: https://mdp.ihio.gov.ir."
console.warn: LoginRecipes: "Falling back to a synchronous message for: https://mdp.ihio.gov.ir."
console.warn: LoginRecipes: "Falling back to a synchronous message for: https://mdp.ihio.gov.ir."
console.warn: LoginRecipes: "Falling back to a synchronous message for: https://mdp.ihio.gov.ir."
console.warn: LoginRecipes: "Falling back to a synchronous message for: https://mdp.ihio.gov.ir."
console.warn: LoginRecipes: "Falling back to a synchronous message for: https://mdp.ihio.gov.ir."
console.warn: LoginRecipes: "Falling back to a synchronous message for: https://mdp.ihio.gov.ir."
console.warn: LoginRecipes: "Falling back to a synchronous message for: https://mdp.ihio.gov.ir."
console.warn: LoginRecipes: "Falling back to a synchronous message for: https://mdp.ihio.gov.ir."
console.warn: LoginRecipes: "Falling back to a synchronous message for: https://mdp.ihio.gov.ir."
console.warn: LoginRecipes: "Falling back to a synchronous message for: https://mdp.ihio.gov.ir."
console.warn: LoginRecipes: "Falling back to a synchronous message for: https://mdp.ihio.gov.ir."
console.warn: LoginRecipes: "Falling back to a synchronous message for: https://mdp.ihio.gov.ir."
console.warn: LoginRecipes: "Falling back to a synchronous message for: https://mdp.ihio.gov.ir."
console.warn: LoginRecipes: "Falling back to a synchronous message for: https://mdp.ihio.gov.ir."
console.warn: LoginRecipes: "Falling back to a synchronous message for: https://mdp.ihio.gov.ir."
console.warn: LoginRecipes: "Falling back to a synchronous message for: https://mdp.ihio.gov.ir."
console.warn: LoginRecipes: "Falling back to a synchronous message for: https://mdp.ihio.gov.ir."
console.warn: LoginRecipes: "Falling back to a synchronous message for: https://mdp.ihio.gov.ir."
console.warn: LoginRecipes: "Falling back to a synchronous message for: https://mdp.ihio.gov.ir."
console.warn: LoginRecipes: "Falling back to a synchronous message for: https://mdp.ihio.gov.ir."
console.warn: LoginRecipes: "Falling back to a synchronous message for: https://mdp.ihio.gov.ir."
console.warn: LoginRecipes: "Falling back to a synchronous message for: https://mdp.ihio.gov.ir."
console.warn: LoginRecipes: "Falling back to a synchronous message for: https://mdp.ihio.gov.ir."
console.warn: LoginRecipes: "Falling back to a synchronous message for: https://mdp.ihio.gov.ir."
console.warn: LoginRecipes: "Falling back to a synchronous message for: https://mdp.ihio.gov.ir."
console.warn: LoginRecipes: "Falling back to a synchronous message for: https://mdp.ihio.gov.ir."
console.warn: LoginRecipes: "Falling back to a synchronous message for: https://mdp.ihio.gov.ir."
console.warn: LoginRecipes: "Falling back to a synchronous message for: https://mdp.ihio.gov.ir."
console.warn: LoginRecipes: "Falling back to a synchronous message for: https://mdp.ihio.gov.ir."
console.warn: LoginRecipes: "Falling back to a synchronous message for: https://mdp.ihio.gov.ir."
console.warn: LoginRecipes: "Falling back to a synchronous message for: https://mdp.ihio.gov.ir."
console.warn: LoginRecipes: "Falling back to a synchronous message for: https://mdp.ihio.gov.ir."
console.warn: LoginRecipes: "Falling back to a synchronous message for: https://mdp.ihio.gov.ir."
console.warn: LoginRecipes: "Falling back to a synchronous message for: https://mdp.ihio.gov.ir."
console.warn: LoginRecipes: "Falling back to a synchronous message for: https://mdp.ihio.gov.ir."
console.warn: LoginRecipes: "Falling back to a synchronous message for: https://mdp.ihio.gov.ir."
console.warn: LoginRecipes: "Falling back to a synchronous message for: https://mdp.ihio.gov.ir."
console.warn: LoginRecipes: "Falling back to a synchronous message for: https://mdp.ihio.gov.ir."
console.warn: LoginRecipes: "Falling back to a synchronous message for: https://mdp.ihio.gov.ir."
console.warn: LoginRecipes: "Falling back to a synchronous message for: https://mdp.ihio.gov.ir."
console.warn: LoginRecipes: "Falling back to a synchronous message for: https://mdp.ihio.gov.ir."
console.warn: LoginRecipes: "Falling back to a synchronous message for: https://mdp.ihio.gov.ir."
console.warn: LoginRecipes: "Falling back to a synchronous message for: https://mdp.ihio.gov.ir."
console.warn: LoginRecipes: "Falling back to a synchronous message for: https://mdp.ihio.gov.ir."
console.warn: LoginRecipes: "Falling back to a synchronous message for: https://mdp.ihio.gov.ir."
console.warn: LoginRecipes: "Falling back to a synchronous message for: https://mdp.ihio.gov.ir."
console.warn: LoginRecipes: "Falling back to a synchronous message for: https://mdp.ihio.gov.ir."
console.warn: LoginRecipes: "Falling back to a synchronous message for: https://mdp.ihio.gov.ir."
console.warn: LoginRecipes: "Falling back to a synchronous message for: https://mdp.ihio.gov.ir."
console.warn: LoginRecipes: "Falling back to a synchronous message for: https://mdp.ihio.gov.ir."
console.warn: LoginRecipes: "Falling back to a synchronous message for: https://mdp.ihio.gov.ir."
console.warn: LoginRecipes: "Falling back to a synchronous message for: https://mdp.ihio.gov.ir."
console.warn: LoginRecipes: "Falling back to a synchronous message for: https://mdp.ihio.gov.ir."
console.warn: LoginRecipes: "Falling back to a synchronous message for: https://mdp.ihio.gov.ir."
console.warn: LoginRecipes: "Falling back to a synchronous message for: https://mdp.ihio.gov.ir."
console.warn: LoginRecipes: "Falling back to a synchronous message for: https://mdp.ihio.gov.ir."
console.warn: LoginRecipes: "Falling back to a synchronous message for: https://mdp.ihio.gov.ir."
console.warn: LoginRecipes: "Falling back to a synchronous message for: https://mdp.ihio.gov.ir."
console.warn: LoginRecipes: "Falling back to a synchronous message for: https://mdp.ihio.gov.ir."
console.warn: LoginRecipes: "Falling back to a synchronous message for: https://mdp.ihio.gov.ir."
console.warn: LoginRecipes: "Falling back to a synchronous message for: https://mdp.ihio.gov.ir."
console.warn: LoginRecipes: "Falling back to a synchronous message for: https://mdp.ihio.gov.ir."
console.warn: LoginRecipes: "Falling back to a synchronous message for: https://mdp.ihio.gov.ir."
console.warn: LoginRecipes: "Falling back to a synchronous message for: https://mdp.ihio.gov.ir."
console.warn: LoginRecipes: "Falling back to a synchronous message for: https://mdp.ihio.gov.ir."
console.warn: LoginRecipes: "Falling back to a synchronous message for: https://mdp.ihio.gov.ir."
console.warn: LoginRecipes: "Falling back to a synchronous message for: https://mdp.ihio.gov.ir."
console.warn: LoginRecipes: "Falling back to a synchronous message for: https://mdp.ihio.gov.ir."
console.warn: LoginRecipes: "Falling back to a synchronous message for: https://mdp.ihio.gov.ir."
console.warn: LoginRecipes: "Falling back to a synchronous message for: https://mdp.ihio.gov.ir."
console.warn: LoginRecipes: "Falling back to a synchronous message for: https://mdp.ihio.gov.ir."
console.warn: LoginRecipes: "Falling back to a synchronous message for: https://mdp.ihio.gov.ir."
console.warn: LoginRecipes: "Falling back to a synchronous message for: https://mdp.ihio.gov.ir."
console.warn: LoginRecipes: "Falling back to a synchronous message for: https://mdp.ihio.gov.ir."
console.warn: LoginRecipes: "Falling back to a synchronous message for: https://mdp.ihio.gov.ir."
console.warn: LoginRecipes: "Falling back to a synchronous message for: https://mdp.ihio.gov.ir."
console.warn: LoginRecipes: "Falling back to a synchronous message for: https://mdp.ihio.gov.ir."
console.warn: LoginRecipes: "Falling back to a synchronous message for: https://mdp.ihio.gov.ir."
console.warn: LoginRecipes: "Falling back to a synchronous message for: https://mdp.ihio.gov.ir."
console.warn: LoginRecipes: "Falling back to a synchronous message for: https://mdp.ihio.gov.ir."
console.warn: LoginRecipes: "Falling back to a synchronous message for: https://mdp.ihio.gov.ir."
console.warn: LoginRecipes: "Falling back to a synchronous message for: https://mdp.ihio.gov.ir."
console.warn: LoginRecipes: "Falling back to a synchronous message for: https://mdp.ihio.gov.ir."
console.warn: LoginRecipes: "Falling back to a synchronous message for: https://mdp.ihio.gov.ir."
console.warn: LoginRecipes: "Falling back to a synchronous message for: https://mdp.ihio.gov.ir."
console.warn: LoginRecipes: "Falling back to a synchronous message for: https://mdp.ihio.gov.ir."
console.warn: LoginRecipes: "Falling back to a synchronous message for: https://mdp.ihio.gov.ir."
console.warn: LoginRecipes: "Falling back to a synchronous message for: https://mdp.ihio.gov.ir."
console.warn: LoginRecipes: "Falling back to a synchronous message for: https://mdp.ihio.gov.ir."
console.warn: LoginRecipes: "Falling back to a synchronous message for: https://mdp.ihio.gov.ir."
console.warn: LoginRecipes: "Falling back to a synchronous message for: https://mdp.ihio.gov.ir."
console.warn: LoginRecipes: "Falling back to a synchronous message for: https://mdp.ihio.gov.ir."
console.warn: LoginRecipes: "Falling back to a synchronous message for: https://mdp.ihio.gov.ir."
console.warn: LoginRecipes: "Falling back to a synchronous message for: https://mdp.ihio.gov.ir."
console.warn: LoginRecipes: "Falling back to a synchronous message for: https://mdp.ihio.gov.ir."
console.warn: LoginRecipes: "Falling back to a synchronous message for: https://mdp.ihio.gov.ir."
console.warn: LoginRecipes: "Falling back to a synchronous message for: https://mdp.ihio.gov.ir."
console.warn: LoginRecipes: "Falling back to a synchronous message for: https://mdp.ihio.gov.ir."
console.warn: LoginRecipes: "Falling back to a synchronous message for: https://mdp.ihio.gov.ir."
console.warn: LoginRecipes: "Falling back to a synchronous message for: https://mdp.ihio.gov.ir."
console.warn: LoginRecipes: "Falling back to a synchronous message for: https://mdp.ihio.gov.ir."
console.warn: LoginRecipes: "Falling back to a synchronous message for: https://mdp.ihio.gov.ir."
console.warn: LoginRecipes: "Falling back to a synchronous message for: https://mdp.ihio.gov.ir."
console.warn: LoginRecipes: "Falling back to a synchronous message for: https://mdp.ihio.gov.ir."
console.warn: LoginRecipes: "Falling back to a synchronous message for: https://mdp.ihio.gov.ir."
console.warn: LoginRecipes: "Falling back to a synchronous message for: https://mdp.ihio.gov.ir."
console.warn: LoginRecipes: "Falling back to a synchronous message for: https://mdp.ihio.gov.ir."
console.warn: LoginRecipes: "Falling back to a synchronous message for: https://mdp.ihio.gov.ir."
console.warn: LoginRecipes: "Falling back to a synchronous message for: https://mdp.ihio.gov.ir."
console.warn: LoginRecipes: "Falling back to a synchronous message for: https://mdp.ihio.gov.ir."
console.warn: LoginRecipes: "Falling back to a synchronous message for: https://mdp.ihio.gov.ir."
1709116360932	Marionette	INFO	Stopped listening on port 58310
Dynamically enable window occlusion 1
